INFO: [VRFC 10-2263] Analyzing Verilog file "E:/Xilinx/project/IPC_10k_test/IPC_10k_test.srcs/sources_1/ip/bram_171_da/bram_171_da_sim_netlist.v" into library xil_defaultlib
INFO: [VRFC 10-311] analyzing module bram_171_da
INFO: [VRFC 10-311] analyzing module bram_171_da_blk_mem_gen_generic_cstr
INFO: [VRFC 10-311] analyzing module bram_171_da_blk_mem_gen_prim_width
INFO: [VRFC 10-311] analyzing module bram_171_da_blk_mem_gen_prim_width__parameterized0
INFO: [VRFC 10-311] analyzing module bram_171_da_blk_mem_gen_prim_width__parameterized1
INFO: [VRFC 10-311] analyzing module bram_171_da_blk_mem_gen_prim_width__parameterized10
INFO: [VRFC 10-311] analyzing module bram_171_da_blk_mem_gen_prim_width__parameterized11
INFO: [VRFC 10-311] analyzing module bram_171_da_blk_mem_gen_prim_width__parameterized12
INFO: [VRFC 10-311] analyzing module bram_171_da_blk_mem_gen_prim_width__parameterized13
INFO: [VRFC 10-311] analyzing module bram_171_da_blk_mem_gen_prim_width__parameterized14
INFO: [VRFC 10-311] analyzing module bram_171_da_blk_mem_gen_prim_width__parameterized15
INFO: [VRFC 10-311] analyzing module bram_171_da_blk_mem_gen_prim_width__parameterized16
INFO: [VRFC 10-311] analyzing module bram_171_da_blk_mem_gen_prim_width__parameterized17
INFO: [VRFC 10-311] analyzing module bram_171_da_blk_mem_gen_prim_width__parameterized18
INFO: [VRFC 10-311] analyzing module bram_171_da_blk_mem_gen_prim_width__parameterized19
INFO: [VRFC 10-311] analyzing module bram_171_da_blk_mem_gen_prim_width__parameterized2
INFO: [VRFC 10-311] analyzing module bram_171_da_blk_mem_gen_prim_width__parameterized20
INFO: [VRFC 10-311] analyzing module bram_171_da_blk_mem_gen_prim_width__parameterized21
INFO: [VRFC 10-311] analyzing module bram_171_da_blk_mem_gen_prim_width__parameterized22
INFO: [VRFC 10-311] analyzing module bram_171_da_blk_mem_gen_prim_width__parameterized23
INFO: [VRFC 10-311] analyzing module bram_171_da_blk_mem_gen_prim_width__parameterized24
INFO: [VRFC 10-311] analyzing module bram_171_da_blk_mem_gen_prim_width__parameterized25
INFO: [VRFC 10-311] analyzing module bram_171_da_blk_mem_gen_prim_width__parameterized26
INFO: [VRFC 10-311] analyzing module bram_171_da_blk_mem_gen_prim_width__parameterized27
INFO: [VRFC 10-311] analyzing module bram_171_da_blk_mem_gen_prim_width__parameterized28
INFO: [VRFC 10-311] analyzing module bram_171_da_blk_mem_gen_prim_width__parameterized29
INFO: [VRFC 10-311] analyzing module bram_171_da_blk_mem_gen_prim_width__parameterized3
INFO: [VRFC 10-311] analyzing module bram_171_da_blk_mem_gen_prim_width__parameterized30
INFO: [VRFC 10-311] analyzing module bram_171_da_blk_mem_gen_prim_width__parameterized31
INFO: [VRFC 10-311] analyzing module bram_171_da_blk_mem_gen_prim_width__parameterized32
INFO: [VRFC 10-311] analyzing module bram_171_da_blk_mem_gen_prim_width__parameterized33
INFO: [VRFC 10-311] analyzing module bram_171_da_blk_mem_gen_prim_width__parameterized34
INFO: [VRFC 10-311] analyzing module bram_171_da_blk_mem_gen_prim_width__parameterized35
INFO: [VRFC 10-311] analyzing module bram_171_da_blk_mem_gen_prim_width__parameterized36
INFO: [VRFC 10-311] analyzing module bram_171_da_blk_mem_gen_prim_width__parameterized4
INFO: [VRFC 10-311] analyzing module bram_171_da_blk_mem_gen_prim_width__parameterized5
INFO: [VRFC 10-311] analyzing module bram_171_da_blk_mem_gen_prim_width__parameterized6
INFO: [VRFC 10-311] analyzing module bram_171_da_blk_mem_gen_prim_width__parameterized7
INFO: [VRFC 10-311] analyzing module bram_171_da_blk_mem_gen_prim_width__parameterized8
INFO: [VRFC 10-311] analyzing module bram_171_da_blk_mem_gen_prim_width__parameterized9
INFO: [VRFC 10-311] analyzing module bram_171_da_blk_mem_gen_prim_wrapper
INFO: [VRFC 10-311] analyzing module bram_171_da_blk_mem_gen_prim_wrapper__parameterized0
INFO: [VRFC 10-311] analyzing module bram_171_da_blk_mem_gen_prim_wrapper__parameterized1
INFO: [VRFC 10-311] analyzing module bram_171_da_blk_mem_gen_prim_wrapper__parameterized10
INFO: [VRFC 10-311] analyzing module bram_171_da_blk_mem_gen_prim_wrapper__parameterized11
INFO: [VRFC 10-311] analyzing module bram_171_da_blk_mem_gen_prim_wrapper__parameterized12
INFO: [VRFC 10-311] analyzing module bram_171_da_blk_mem_gen_prim_wrapper__parameterized13
INFO: [VRFC 10-311] analyzing module bram_171_da_blk_mem_gen_prim_wrapper__parameterized14
INFO: [VRFC 10-311] analyzing module bram_171_da_blk_mem_gen_prim_wrapper__parameterized15
INFO: [VRFC 10-311] analyzing module bram_171_da_blk_mem_gen_prim_wrapper__parameterized16
INFO: [VRFC 10-311] analyzing module bram_171_da_blk_mem_gen_prim_wrapper__parameterized17
INFO: [VRFC 10-311] analyzing module bram_171_da_blk_mem_gen_prim_wrapper__parameterized18
INFO: [VRFC 10-311] analyzing module bram_171_da_blk_mem_gen_prim_wrapper__parameterized19
INFO: [VRFC 10-311] analyzing module bram_171_da_blk_mem_gen_prim_wrapper__parameterized2
INFO: [VRFC 10-311] analyzing module bram_171_da_blk_mem_gen_prim_wrapper__parameterized20
INFO: [VRFC 10-311] analyzing module bram_171_da_blk_mem_gen_prim_wrapper__parameterized21
INFO: [VRFC 10-311] analyzing module bram_171_da_blk_mem_gen_prim_wrapper__parameterized22
INFO: [VRFC 10-311] analyzing module bram_171_da_blk_mem_gen_prim_wrapper__parameterized23
INFO: [VRFC 10-311] analyzing module bram_171_da_blk_mem_gen_prim_wrapper__parameterized24
INFO: [VRFC 10-311] analyzing module bram_171_da_blk_mem_gen_prim_wrapper__parameterized25
INFO: [VRFC 10-311] analyzing module bram_171_da_blk_mem_gen_prim_wrapper__parameterized26
INFO: [VRFC 10-311] analyzing module bram_171_da_blk_mem_gen_prim_wrapper__parameterized27
INFO: [VRFC 10-311] analyzing module bram_171_da_blk_mem_gen_prim_wrapper__parameterized28
INFO: [VRFC 10-311] analyzing module bram_171_da_blk_mem_gen_prim_wrapper__parameterized29
INFO: [VRFC 10-311] analyzing module bram_171_da_blk_mem_gen_prim_wrapper__parameterized3
INFO: [VRFC 10-311] analyzing module bram_171_da_blk_mem_gen_prim_wrapper__parameterized30
INFO: [VRFC 10-311] analyzing module bram_171_da_blk_mem_gen_prim_wrapper__parameterized31
INFO: [VRFC 10-311] analyzing module bram_171_da_blk_mem_gen_prim_wrapper__parameterized32
INFO: [VRFC 10-311] analyzing module bram_171_da_blk_mem_gen_prim_wrapper__parameterized33
INFO: [VRFC 10-311] analyzing module bram_171_da_blk_mem_gen_prim_wrapper__parameterized34
INFO: [VRFC 10-311] analyzing module bram_171_da_blk_mem_gen_prim_wrapper__parameterized35
INFO: [VRFC 10-311] analyzing module bram_171_da_blk_mem_gen_prim_wrapper__parameterized36
INFO: [VRFC 10-311] analyzing module bram_171_da_blk_mem_gen_prim_wrapper__parameterized4
INFO: [VRFC 10-311] analyzing module bram_171_da_blk_mem_gen_prim_wrapper__parameterized5
INFO: [VRFC 10-311] analyzing module bram_171_da_blk_mem_gen_prim_wrapper__parameterized6
INFO: [VRFC 10-311] analyzing module bram_171_da_blk_mem_gen_prim_wrapper__parameterized7
INFO: [VRFC 10-311] analyzing module bram_171_da_blk_mem_gen_prim_wrapper__parameterized8
INFO: [VRFC 10-311] analyzing module bram_171_da_blk_mem_gen_prim_wrapper__parameterized9
INFO: [VRFC 10-311] analyzing module bram_171_da_blk_mem_gen_top
INFO: [VRFC 10-311] analyzing module bram_171_da_blk_mem_gen_v8_4_4
INFO: [VRFC 10-311] analyzing module bram_171_da_blk_mem_gen_v8_4_4_synth
INFO: [VRFC 10-311] analyzing module glbl
INFO: [VRFC 10-2263] Analyzing Verilog file "E:/Xilinx/project/IPC_10k_test/IPC_10k_test.srcs/sources_1/ip/bram_171_sada/bram_171_sada_sim_netlist.v" into library xil_defaultlib
INFO: [VRFC 10-311] analyzing module bram_171_sada
INFO: [VRFC 10-311] analyzing module bram_171_sada_blk_mem_gen_generic_cstr
INFO: [VRFC 10-311] analyzing module bram_171_sada_blk_mem_gen_prim_width
INFO: [VRFC 10-311] analyzing module bram_171_sada_blk_mem_gen_prim_width__parameterized0
INFO: [VRFC 10-311] analyzing module bram_171_sada_blk_mem_gen_prim_width__parameterized1
INFO: [VRFC 10-311] analyzing module bram_171_sada_blk_mem_gen_prim_width__parameterized10
INFO: [VRFC 10-311] analyzing module bram_171_sada_blk_mem_gen_prim_width__parameterized11
INFO: [VRFC 10-311] analyzing module bram_171_sada_blk_mem_gen_prim_width__parameterized12
INFO: [VRFC 10-311] analyzing module bram_171_sada_blk_mem_gen_prim_width__parameterized13
INFO: [VRFC 10-311] analyzing module bram_171_sada_blk_mem_gen_prim_width__parameterized14
INFO: [VRFC 10-311] analyzing module bram_171_sada_blk_mem_gen_prim_width__parameterized15
INFO: [VRFC 10-311] analyzing module bram_171_sada_blk_mem_gen_prim_width__parameterized16
INFO: [VRFC 10-311] analyzing module bram_171_sada_blk_mem_gen_prim_width__parameterized17
INFO: [VRFC 10-311] analyzing module bram_171_sada_blk_mem_gen_prim_width__parameterized18
INFO: [VRFC 10-311] analyzing module bram_171_sada_blk_mem_gen_prim_width__parameterized19
INFO: [VRFC 10-311] analyzing module bram_171_sada_blk_mem_gen_prim_width__parameterized2
INFO: [VRFC 10-311] analyzing module bram_171_sada_blk_mem_gen_prim_width__parameterized20
INFO: [VRFC 10-311] analyzing module bram_171_sada_blk_mem_gen_prim_width__parameterized21
INFO: [VRFC 10-311] analyzing module bram_171_sada_blk_mem_gen_prim_width__parameterized22
INFO: [VRFC 10-311] analyzing module bram_171_sada_blk_mem_gen_prim_width__parameterized23
INFO: [VRFC 10-311] analyzing module bram_171_sada_blk_mem_gen_prim_width__parameterized24
INFO: [VRFC 10-311] analyzing module bram_171_sada_blk_mem_gen_prim_width__parameterized25
INFO: [VRFC 10-311] analyzing module bram_171_sada_blk_mem_gen_prim_width__parameterized26
INFO: [VRFC 10-311] analyzing module bram_171_sada_blk_mem_gen_prim_width__parameterized27
INFO: [VRFC 10-311] analyzing module bram_171_sada_blk_mem_gen_prim_width__parameterized28
INFO: [VRFC 10-311] analyzing module bram_171_sada_blk_mem_gen_prim_width__parameterized29
INFO: [VRFC 10-311] analyzing module bram_171_sada_blk_mem_gen_prim_width__parameterized3
INFO: [VRFC 10-311] analyzing module bram_171_sada_blk_mem_gen_prim_width__parameterized30
INFO: [VRFC 10-311] analyzing module bram_171_sada_blk_mem_gen_prim_width__parameterized31
INFO: [VRFC 10-311] analyzing module bram_171_sada_blk_mem_gen_prim_width__parameterized32
INFO: [VRFC 10-311] analyzing module bram_171_sada_blk_mem_gen_prim_width__parameterized33
INFO: [VRFC 10-311] analyzing module bram_171_sada_blk_mem_gen_prim_width__parameterized34
INFO: [VRFC 10-311] analyzing module bram_171_sada_blk_mem_gen_prim_width__parameterized35
INFO: [VRFC 10-311] analyzing module bram_171_sada_blk_mem_gen_prim_width__parameterized36
INFO: [VRFC 10-311] analyzing module bram_171_sada_blk_mem_gen_prim_width__parameterized4
INFO: [VRFC 10-311] analyzing module bram_171_sada_blk_mem_gen_prim_width__parameterized5
INFO: [VRFC 10-311] analyzing module bram_171_sada_blk_mem_gen_prim_width__parameterized6
INFO: [VRFC 10-311] analyzing module bram_171_sada_blk_mem_gen_prim_width__parameterized7
INFO: [VRFC 10-311] analyzing module bram_171_sada_blk_mem_gen_prim_width__parameterized8
INFO: [VRFC 10-311] analyzing module bram_171_sada_blk_mem_gen_prim_width__parameterized9
INFO: [VRFC 10-311] analyzing module bram_171_sada_blk_mem_gen_prim_wrapper
INFO: [VRFC 10-311] analyzing module bram_171_sada_blk_mem_gen_prim_wrapper__parameterized0
INFO: [VRFC 10-311] analyzing module bram_171_sada_blk_mem_gen_prim_wrapper__parameterized1
INFO: [VRFC 10-311] analyzing module bram_171_sada_blk_mem_gen_prim_wrapper__parameterized10
INFO: [VRFC 10-311] analyzing module bram_171_sada_blk_mem_gen_prim_wrapper__parameterized11
INFO: [VRFC 10-311] analyzing module bram_171_sada_blk_mem_gen_prim_wrapper__parameterized12
INFO: [VRFC 10-311] analyzing module bram_171_sada_blk_mem_gen_prim_wrapper__parameterized13
INFO: [VRFC 10-311] analyzing module bram_171_sada_blk_mem_gen_prim_wrapper__parameterized14
INFO: [VRFC 10-311] analyzing module bram_171_sada_blk_mem_gen_prim_wrapper__parameterized15
INFO: [VRFC 10-311] analyzing module bram_171_sada_blk_mem_gen_prim_wrapper__parameterized16
INFO: [VRFC 10-311] analyzing module bram_171_sada_blk_mem_gen_prim_wrapper__parameterized17
INFO: [VRFC 10-311] analyzing module bram_171_sada_blk_mem_gen_prim_wrapper__parameterized18
INFO: [VRFC 10-311] analyzing module bram_171_sada_blk_mem_gen_prim_wrapper__parameterized19
INFO: [VRFC 10-311] analyzing module bram_171_sada_blk_mem_gen_prim_wrapper__parameterized2
INFO: [VRFC 10-311] analyzing module bram_171_sada_blk_mem_gen_prim_wrapper__parameterized20
INFO: [VRFC 10-311] analyzing module bram_171_sada_blk_mem_gen_prim_wrapper__parameterized21
INFO: [VRFC 10-311] analyzing module bram_171_sada_blk_mem_gen_prim_wrapper__parameterized22
INFO: [VRFC 10-311] analyzing module bram_171_sada_blk_mem_gen_prim_wrapper__parameterized23
INFO: [VRFC 10-311] analyzing module bram_171_sada_blk_mem_gen_prim_wrapper__parameterized24
INFO: [VRFC 10-311] analyzing module bram_171_sada_blk_mem_gen_prim_wrapper__parameterized25
INFO: [VRFC 10-311] analyzing module bram_171_sada_blk_mem_gen_prim_wrapper__parameterized26
INFO: [VRFC 10-311] analyzing module bram_171_sada_blk_mem_gen_prim_wrapper__parameterized27
INFO: [VRFC 10-311] analyzing module bram_171_sada_blk_mem_gen_prim_wrapper__parameterized28
INFO: [VRFC 10-311] analyzing module bram_171_sada_blk_mem_gen_prim_wrapper__parameterized29
INFO: [VRFC 10-311] analyzing module bram_171_sada_blk_mem_gen_prim_wrapper__parameterized3
INFO: [VRFC 10-311] analyzing module bram_171_sada_blk_mem_gen_prim_wrapper__parameterized30
INFO: [VRFC 10-311] analyzing module bram_171_sada_blk_mem_gen_prim_wrapper__parameterized31
INFO: [VRFC 10-311] analyzing module bram_171_sada_blk_mem_gen_prim_wrapper__parameterized32
INFO: [VRFC 10-311] analyzing module bram_171_sada_blk_mem_gen_prim_wrapper__parameterized33
INFO: [VRFC 10-311] analyzing module bram_171_sada_blk_mem_gen_prim_wrapper__parameterized34
INFO: [VRFC 10-311] analyzing module bram_171_sada_blk_mem_gen_prim_wrapper__parameterized35
INFO: [VRFC 10-311] analyzing module bram_171_sada_blk_mem_gen_prim_wrapper__parameterized36
INFO: [VRFC 10-311] analyzing module bram_171_sada_blk_mem_gen_prim_wrapper__parameterized4
INFO: [VRFC 10-311] analyzing module bram_171_sada_blk_mem_gen_prim_wrapper__parameterized5
INFO: [VRFC 10-311] analyzing module bram_171_sada_blk_mem_gen_prim_wrapper__parameterized6
INFO: [VRFC 10-311] analyzing module bram_171_sada_blk_mem_gen_prim_wrapper__parameterized7
INFO: [VRFC 10-311] analyzing module bram_171_sada_blk_mem_gen_prim_wrapper__parameterized8
INFO: [VRFC 10-311] analyzing module bram_171_sada_blk_mem_gen_prim_wrapper__parameterized9
INFO: [VRFC 10-311] analyzing module bram_171_sada_blk_mem_gen_top
INFO: [VRFC 10-311] analyzing module bram_171_sada_blk_mem_gen_v8_4_4
INFO: [VRFC 10-311] analyzing module bram_171_sada_blk_mem_gen_v8_4_4_synth
INFO: [VRFC 10-2263] Analyzing Verilog file "E:/Xilinx/project/IPC_10k_test/IPC_10k_test.srcs/sources_1/ip/bram_171_sa/sim/bram_171_sa.v" into library xil_defaultlib
INFO: [VRFC 10-311] analyzing module bram_171_sa
INFO: [VRFC 10-2263] Analyzing Verilog file "E:/Xilinx/project/IPC_10k_test/IPC_10k_test.srcs/sources_1/ip/bram_40_64_sa_level3/sim/bram_40_64_sa_level3.v" into library xil_defaultlib
INFO: [VRFC 10-311] analyzing module bram_40_64_sa_level3
INFO: [VRFC 10-2263] Analyzing Verilog file "E:/Xilinx/project/IPC_10k_test/IPC_10k_test.ip_user_files/ip/bram_40_512_sa_level4/sim/bram_40_512_sa_level4.v" into library xil_defaultlib
INFO: [VRFC 10-311] analyzing module bram_40_512_sa_level4
INFO: [VRFC 10-2263] Analyzing Verilog file "E:/Xilinx/project/IPC_10k_test/IPC_10k_test.ip_user_files/ip/bram_40_512_da_level4/sim/bram_40_512_da_level4.v" into library xil_defaultlib
INFO: [VRFC 10-311] analyzing module bram_40_512_da_level4
INFO: [VRFC 10-2263] Analyzing Verilog file "E:/Xilinx/project/IPC_10k_test/IPC_10k_test.ip_user_files/ip/bram_40_64_sa_level5/sim/bram_40_64_sa_level5.v" into library xil_defaultlib
INFO: [VRFC 10-311] analyzing module bram_40_64_sa_level5
INFO: [VRFC 10-2263] Analyzing Verilog file "E:/Xilinx/project/IPC_10k_test/IPC_10k_test.ip_user_files/ip/bram_40_64_da_level3/sim/bram_40_64_da_level3.v" into library xil_defaultlib
INFO: [VRFC 10-311] analyzing module bram_40_64_da_level3
INFO: [VRFC 10-2263] Analyzing Verilog file "E:/Xilinx/project/IPC_10k_test/IPC_10k_test.ip_user_files/ip/bram_40_512_sada_level4/sim/bram_40_512_sada_level4.v" into library xil_defaultlib
INFO: [VRFC 10-311] analyzing module bram_40_512_sada_level4
INFO: [VRFC 10-2263] Analyzing Verilog file "E:/Xilinx/project/IPC_10k_test/IPC_10k_test.ip_user_files/ip/dram_40_16_sa_level2/sim/dram_40_16_sa_level2.v" into library xil_defaultlib
INFO: [VRFC 10-311] analyzing module dram_40_16_sa_level2
INFO: [VRFC 10-2263] Analyzing Verilog file "E:/Xilinx/project/IPC_10k_test/IPC_10k_test.ip_user_files/ip/dram_40_16_da_level2/sim/dram_40_16_da_level2.v" into library xil_defaultlib
INFO: [VRFC 10-311] analyzing module dram_40_16_da_level2
INFO: [VRFC 10-2263] Analyzing Verilog file "E:/Xilinx/project/IPC_10k_test/IPC_10k_test.ip_user_files/ip/bram_40_8_sa_level2/sim/bram_40_8_sa_level2.v" into library xil_defaultlib
INFO: [VRFC 10-311] analyzing module bram_40_8_sa_level2
INFO: [VRFC 10-2263] Analyzing Verilog file "E:/Xilinx/project/IPC_10k_test/IPC_10k_test.srcs/sources_1/new/MBitTree.v" into library xil_defaultlib
INFO: [VRFC 10-311] analyzing module MBitTree
INFO: [VRFC 10-2263] Analyzing Verilog file "E:/Xilinx/project/IPC_10k_test/IPC_10k_test.srcs/sources_1/new/prioritySolver.v" into library xil_defaultlib
INFO: [VRFC 10-311] analyzing module prioritySolver
INFO: [VRFC 10-2263] Analyzing Verilog file "E:/Xilinx/project/IPC_10k_test/IPC_10k_test.srcs/sources_1/new/Reg_match_priority.v" into library xil_defaultlib
INFO: [VRFC 10-311] analyzing module Reg_match_priority
INFO: [VRFC 10-2263] Analyzing Verilog file "E:/Xilinx/project/IPC_10k_test/IPC_10k_test.srcs/sources_1/new/Reg_level2_lelvel3.v" into library xil_defaultlib
INFO: [VRFC 10-311] analyzing module Reg_level2_level3
INFO: [VRFC 10-2263] Analyzing Verilog file "E:/Xilinx/project/IPC_10k_test/IPC_10k_test.srcs/sources_1/new/Reg_level3_level4.v" into library xil_defaultlib
INFO: [VRFC 10-311] analyzing module Reg_level3_level4
INFO: [VRFC 10-2263] Analyzing Verilog file "E:/Xilinx/project/IPC_10k_test/IPC_10k_test.srcs/sources_1/new/Reg_root_level2.v" into library xil_defaultlib
INFO: [VRFC 10-311] analyzing module Register_root_level2
INFO: [VRFC 10-2263] Analyzing Verilog file "E:/Xilinx/project/IPC_10k_test/IPC_10k_test.srcs/sources_1/new/reg_multi_pipeline.v" into library xil_defaultlib
INFO: [VRFC 10-311] analyzing module reg_multi_pipeline
INFO: [VRFC 10-2263] Analyzing Verilog file "E:/Xilinx/project/IPC_10k_test/IPC_10k_test.srcs/sources_1/new/final_prio_solver.v" into library xil_defaultlib
INFO: [VRFC 10-311] analyzing module final_prio_solver
INFO: [VRFC 10-2263] Analyzing Verilog file "E:/Xilinx/project/IPC_10k_test/IPC_10k_test.srcs/sources_1/new/ruleMatch_SADA.v" into library xil_defaultlib
INFO: [VRFC 10-311] analyzing module ruleMatch_SADA
INFO: [VRFC 10-2263] Analyzing Verilog file "E:/Xilinx/project/IPC_10k_test/IPC_10k_test.srcs/sources_1/new/ruleMatch_DA.v" into library xil_defaultlib
INFO: [VRFC 10-311] analyzing module ruleMatch_DA
INFO: [VRFC 10-2263] Analyzing Verilog file "E:/Xilinx/project/IPC_10k_test/IPC_10k_test.srcs/sources_1/new/pipeline_SADA.v" into library xil_defaultlib
INFO: [VRFC 10-311] analyzing module pipeline_SADA
INFO: [VRFC 10-2263] Analyzing Verilog file "E:/Xilinx/project/IPC_10k_test/IPC_10k_test.srcs/sources_1/new/pipeline_DA.v" into library xil_defaultlib
INFO: [VRFC 10-311] analyzing module pipeline_DA
INFO: [VRFC 10-2263] Analyzing Verilog file "E:/Xilinx/project/IPC_10k_test/IPC_10k_test.srcs/sources_1/new/Reg_tree_rulematch.v" into library xil_defaultlib
INFO: [VRFC 10-311] analyzing module Reg_tree_rulematch
INFO: [VRFC 10-2263] Analyzing Verilog file "E:/Xilinx/project/IPC_10k_test/IPC_10k_test.srcs/sources_1/new/TreeLevel4_SADA.v" into library xil_defaultlib
INFO: [VRFC 10-311] analyzing module TreeLevel4_SADA
INFO: [VRFC 10-2458] undeclared symbol addr1, assumed default net type wire [E:/Xilinx/project/IPC_10k_test/IPC_10k_test.srcs/sources_1/new/TreeLevel4_SADA.v:79]
INFO: [VRFC 10-2458] undeclared symbol dout1, assumed default net type wire [E:/Xilinx/project/IPC_10k_test/IPC_10k_test.srcs/sources_1/new/TreeLevel4_SADA.v:81]
INFO: [VRFC 10-2458] undeclared symbol addr2, assumed default net type wire [E:/Xilinx/project/IPC_10k_test/IPC_10k_test.srcs/sources_1/new/TreeLevel4_SADA.v:84]
INFO: [VRFC 10-2458] undeclared symbol dout2, assumed default net type wire [E:/Xilinx/project/IPC_10k_test/IPC_10k_test.srcs/sources_1/new/TreeLevel4_SADA.v:86]
INFO: [VRFC 10-2263] Analyzing Verilog file "E:/Xilinx/project/IPC_10k_test/IPC_10k_test.srcs/sources_1/new/TreeLevel4_DA.v" into library xil_defaultlib
INFO: [VRFC 10-311] analyzing module TreeLevel4_DA
INFO: [VRFC 10-2458] undeclared symbol addr1, assumed default net type wire [E:/Xilinx/project/IPC_10k_test/IPC_10k_test.srcs/sources_1/new/TreeLevel4_DA.v:79]
INFO: [VRFC 10-2458] undeclared symbol dout1, assumed default net type wire [E:/Xilinx/project/IPC_10k_test/IPC_10k_test.srcs/sources_1/new/TreeLevel4_DA.v:81]
INFO: [VRFC 10-2458] undeclared symbol addr2, assumed default net type wire [E:/Xilinx/project/IPC_10k_test/IPC_10k_test.srcs/sources_1/new/TreeLevel4_DA.v:84]
INFO: [VRFC 10-2458] undeclared symbol dout2, assumed default net type wire [E:/Xilinx/project/IPC_10k_test/IPC_10k_test.srcs/sources_1/new/TreeLevel4_DA.v:86]
INFO: [VRFC 10-2263] Analyzing Verilog file "E:/Xilinx/project/IPC_10k_test/IPC_10k_test.srcs/sources_1/new/pipeline_SA.v" into library xil_defaultlib
INFO: [VRFC 10-311] analyzing module pipeline_SA
INFO: [VRFC 10-2263] Analyzing Verilog file "E:/Xilinx/project/IPC_10k_test/IPC_10k_test.srcs/sources_1/new/TreeLevel4_SA.v" into library xil_defaultlib
INFO: [VRFC 10-311] analyzing module TreeLevel4_SA
INFO: [VRFC 10-2263] Analyzing Verilog file "E:/Xilinx/project/IPC_10k_test/IPC_10k_test.srcs/sources_1/new/ruleMatch_SA.v" into library xil_defaultlib
INFO: [VRFC 10-311] analyzing module ruleMatch_SA
INFO: [VRFC 10-2263] Analyzing Verilog file "E:/Xilinx/project/IPC_10k_test/IPC_10k_test.srcs/sources_1/new/TreeLevel3_SA.v" into library xil_defaultlib
INFO: [VRFC 10-311] analyzing module TreeLevel3_SA
INFO: [VRFC 10-2263] Analyzing Verilog file "E:/Xilinx/project/IPC_10k_test/IPC_10k_test.srcs/sources_1/new/root_SA.v" into library xil_defaultlib
INFO: [VRFC 10-311] analyzing module root_SA
INFO: [VRFC 10-2263] Analyzing Verilog file "E:/Xilinx/project/IPC_10k_test/IPC_10k_test.srcs/sources_1/new/TreeLevel3_SADA.v" into library xil_defaultlib
INFO: [VRFC 10-311] analyzing module TreeLevel3_SADA
INFO: [VRFC 10-2263] Analyzing Verilog file "E:/Xilinx/project/IPC_10k_test/IPC_10k_test.srcs/sources_1/new/root_SADA.v" into library xil_defaultlib
INFO: [VRFC 10-311] analyzing module root_SADA
INFO: [VRFC 10-2263] Analyzing Verilog file "E:/Xilinx/project/IPC_10k_test/IPC_10k_test.srcs/sources_1/new/TreeLevel2_SADA.v" into library xil_defaultlib
INFO: [VRFC 10-311] analyzing module TreeLevel2_SADA
INFO: [VRFC 10-2263] Analyzing Verilog file "E:/Xilinx/project/IPC_10k_test/IPC_10k_test.srcs/sources_1/new/TreeLevel2_SA.v" into library xil_defaultlib
INFO: [VRFC 10-311] analyzing module TreeLevel2_SA
INFO: [VRFC 10-2263] Analyzing Verilog file "E:/Xilinx/project/IPC_10k_test/IPC_10k_test.srcs/sources_1/new/TreeLevel3_DA.v" into library xil_defaultlib
INFO: [VRFC 10-311] analyzing module TreeLevel3_DA
INFO: [VRFC 10-2263] Analyzing Verilog file "E:/Xilinx/project/IPC_10k_test/IPC_10k_test.srcs/sources_1/new/root_DA.v" into library xil_defaultlib
INFO: [VRFC 10-311] analyzing module root_DA
INFO: [VRFC 10-2263] Analyzing Verilog file "E:/Xilinx/project/IPC_10k_test/IPC_10k_test.srcs/sources_1/new/TreeLevel2_DA.v" into library xil_defaultlib
INFO: [VRFC 10-311] analyzing module TreeLevel2_DA
INFO: [VRFC 10-2263] Analyzing Verilog file "E:/Xilinx/project/IPC_10k_test/IPC_10k_test.ip_user_files/ip/bram_40_64_sada_level3/sim/bram_40_64_sada_level3.v" into library xil_defaultlib
INFO: [VRFC 10-311] analyzing module bram_40_64_sada_level3
INFO: [VRFC 10-2263] Analyzing Verilog file "E:/Xilinx/project/IPC_10k_test/IPC_10k_test.ip_user_files/ip/bram_40_64_da_level5/sim/bram_40_64_da_level5.v" into library xil_defaultlib
INFO: [VRFC 10-311] analyzing module bram_40_64_da_level5
INFO: [VRFC 10-2263] Analyzing Verilog file "E:/Xilinx/project/IPC_10k_test/IPC_10k_test.ip_user_files/ip/bram_40_64_sada_level5/sim/bram_40_64_sada_level5.v" into library xil_defaultlib
INFO: [VRFC 10-311] analyzing module bram_40_64_sada_level5
INFO: [VRFC 10-2263] Analyzing Verilog file "E:/Xilinx/project/IPC_10k_test/IPC_10k_test.ip_user_files/ip/dram_40_16_sada_level2/sim/dram_40_16_sada_level2.v" into library xil_defaultlib
INFO: [VRFC 10-311] analyzing module dram_40_16_sada_level2
INFO: [VRFC 10-2263] Analyzing Verilog file "E:/Xilinx/project/IPC_10k_test/IPC_10k_test.srcs/sim_1/new/testbench_sa.v" into library xil_defaultlib
INFO: [VRFC 10-311] analyzing module testbench_sa
