INFO: [VRFC 10-2263] Analyzing Verilog file "E:/Xilinx/project/DecisionTree_IPC_10k/DecisionTree_IPC_10k.sim/sim_1/synth/timing/xsim/testbench_sa_time_synth.v" into library xil_defaultlib
INFO: [VRFC 10-311] analyzing module MBitTree
INFO: [VRFC 10-311] analyzing module Reg_level2_level3
INFO: [VRFC 10-311] analyzing module Reg_level2_level3_0
INFO: [VRFC 10-311] analyzing module Reg_level2_level3_6
INFO: [VRFC 10-311] analyzing module Reg_level3_level4
INFO: [VRFC 10-311] analyzing module Reg_level3_level4_1
INFO: [VRFC 10-311] analyzing module Reg_level3_level4_7
INFO: [VRFC 10-311] analyzing module Reg_match_priority
INFO: [VRFC 10-311] analyzing module Reg_match_priority_2
INFO: [VRFC 10-311] analyzing module Reg_match_priority_8
INFO: [VRFC 10-311] analyzing module Reg_tree_rulematch
INFO: [VRFC 10-311] analyzing module Reg_tree_rulematch_10
INFO: [VRFC 10-311] analyzing module Reg_tree_rulematch_4
INFO: [VRFC 10-311] analyzing module Register_root_level2
INFO: [VRFC 10-311] analyzing module Register_root_level2_3
INFO: [VRFC 10-311] analyzing module Register_root_level2_9
INFO: [VRFC 10-311] analyzing module TreeLevel2
INFO: [VRFC 10-311] analyzing module TreeLevel2__xdcDup__1
INFO: [VRFC 10-311] analyzing module TreeLevel2__xdcDup__2
INFO: [VRFC 10-311] analyzing module TreeLevel3
INFO: [VRFC 10-311] analyzing module TreeLevel3__xdcDup__1
INFO: [VRFC 10-311] analyzing module TreeLevel3__xdcDup__2
INFO: [VRFC 10-311] analyzing module TreeLevel4_DA
INFO: [VRFC 10-311] analyzing module TreeLevel4_SA
INFO: [VRFC 10-311] analyzing module TreeLevel4_SADA
INFO: [VRFC 10-311] analyzing module bram_171_da
INFO: [VRFC 10-311] analyzing module bram_171_sa
INFO: [VRFC 10-311] analyzing module bram_171_sada
INFO: [VRFC 10-311] analyzing module bram_40_512
INFO: [VRFC 10-311] analyzing module bram_40_512_HD83
INFO: [VRFC 10-311] analyzing module bram_40_512_HD92
INFO: [VRFC 10-311] analyzing module bram_40_64
INFO: [VRFC 10-311] analyzing module bram_40_64_HD18
INFO: [VRFC 10-311] analyzing module bram_40_64_HD27
INFO: [VRFC 10-311] analyzing module bram_40_64_HD36
INFO: [VRFC 10-311] analyzing module bram_40_64_HD45
INFO: [VRFC 10-311] analyzing module bram_40_64_HD54
INFO: [VRFC 10-311] analyzing module bram_40_64_HD63
INFO: [VRFC 10-311] analyzing module bram_40_64_HD72
INFO: [VRFC 10-311] analyzing module bram_40_64_HD9
INFO: [VRFC 10-311] analyzing module final_prio_solver
INFO: [VRFC 10-311] analyzing module pipeline_DA
INFO: [VRFC 10-311] analyzing module pipeline_SA
INFO: [VRFC 10-311] analyzing module pipeline_SADA
INFO: [VRFC 10-311] analyzing module prioritySolver
INFO: [VRFC 10-311] analyzing module prioritySolver_11
INFO: [VRFC 10-311] analyzing module prioritySolver_5
INFO: [VRFC 10-311] analyzing module reg_multi_pipeline
INFO: [VRFC 10-311] analyzing module root
INFO: [VRFC 10-311] analyzing module root__xdcDup__1
INFO: [VRFC 10-311] analyzing module root__xdcDup__2
INFO: [VRFC 10-311] analyzing module ruleMatch_DA
INFO: [VRFC 10-311] analyzing module ruleMatch_SA
INFO: [VRFC 10-311] analyzing module ruleMatch_SADA
INFO: [VRFC 10-311] analyzing module bram_171_da_blk_mem_gen_generic_cstr
INFO: [VRFC 10-311] analyzing module bram_171_da_blk_mem_gen_prim_width
INFO: [VRFC 10-311] analyzing module bram_171_da_blk_mem_gen_prim_width__parameterized0
INFO: [VRFC 10-311] analyzing module bram_171_da_blk_mem_gen_prim_width__parameterized1
INFO: [VRFC 10-311] analyzing module bram_171_da_blk_mem_gen_prim_width__parameterized10
INFO: [VRFC 10-311] analyzing module bram_171_da_blk_mem_gen_prim_width__parameterized11
INFO: [VRFC 10-311] analyzing module bram_171_da_blk_mem_gen_prim_width__parameterized12
INFO: [VRFC 10-311] analyzing module bram_171_da_blk_mem_gen_prim_width__parameterized13
INFO: [VRFC 10-311] analyzing module bram_171_da_blk_mem_gen_prim_width__parameterized14
INFO: [VRFC 10-311] analyzing module bram_171_da_blk_mem_gen_prim_width__parameterized15
INFO: [VRFC 10-311] analyzing module bram_171_da_blk_mem_gen_prim_width__parameterized16
INFO: [VRFC 10-311] analyzing module bram_171_da_blk_mem_gen_prim_width__parameterized17
INFO: [VRFC 10-311] analyzing module bram_171_da_blk_mem_gen_prim_width__parameterized18
INFO: [VRFC 10-311] analyzing module bram_171_da_blk_mem_gen_prim_width__parameterized19
INFO: [VRFC 10-311] analyzing module bram_171_da_blk_mem_gen_prim_width__parameterized2
INFO: [VRFC 10-311] analyzing module bram_171_da_blk_mem_gen_prim_width__parameterized20
INFO: [VRFC 10-311] analyzing module bram_171_da_blk_mem_gen_prim_width__parameterized21
INFO: [VRFC 10-311] analyzing module bram_171_da_blk_mem_gen_prim_width__parameterized22
INFO: [VRFC 10-311] analyzing module bram_171_da_blk_mem_gen_prim_width__parameterized23
INFO: [VRFC 10-311] analyzing module bram_171_da_blk_mem_gen_prim_width__parameterized24
INFO: [VRFC 10-311] analyzing module bram_171_da_blk_mem_gen_prim_width__parameterized25
INFO: [VRFC 10-311] analyzing module bram_171_da_blk_mem_gen_prim_width__parameterized26
INFO: [VRFC 10-311] analyzing module bram_171_da_blk_mem_gen_prim_width__parameterized27
INFO: [VRFC 10-311] analyzing module bram_171_da_blk_mem_gen_prim_width__parameterized28
INFO: [VRFC 10-311] analyzing module bram_171_da_blk_mem_gen_prim_width__parameterized29
INFO: [VRFC 10-311] analyzing module bram_171_da_blk_mem_gen_prim_width__parameterized3
INFO: [VRFC 10-311] analyzing module bram_171_da_blk_mem_gen_prim_width__parameterized30
INFO: [VRFC 10-311] analyzing module bram_171_da_blk_mem_gen_prim_width__parameterized31
INFO: [VRFC 10-311] analyzing module bram_171_da_blk_mem_gen_prim_width__parameterized32
INFO: [VRFC 10-311] analyzing module bram_171_da_blk_mem_gen_prim_width__parameterized33
INFO: [VRFC 10-311] analyzing module bram_171_da_blk_mem_gen_prim_width__parameterized34
INFO: [VRFC 10-311] analyzing module bram_171_da_blk_mem_gen_prim_width__parameterized35
INFO: [VRFC 10-311] analyzing module bram_171_da_blk_mem_gen_prim_width__parameterized36
INFO: [VRFC 10-311] analyzing module bram_171_da_blk_mem_gen_prim_width__parameterized4
INFO: [VRFC 10-311] analyzing module bram_171_da_blk_mem_gen_prim_width__parameterized5
INFO: [VRFC 10-311] analyzing module bram_171_da_blk_mem_gen_prim_width__parameterized6
INFO: [VRFC 10-311] analyzing module bram_171_da_blk_mem_gen_prim_width__parameterized7
INFO: [VRFC 10-311] analyzing module bram_171_da_blk_mem_gen_prim_width__parameterized8
INFO: [VRFC 10-311] analyzing module bram_171_da_blk_mem_gen_prim_width__parameterized9
INFO: [VRFC 10-311] analyzing module bram_171_da_blk_mem_gen_prim_wrapper
INFO: [VRFC 10-311] analyzing module bram_171_da_blk_mem_gen_prim_wrapper__parameterized0
INFO: [VRFC 10-311] analyzing module bram_171_da_blk_mem_gen_prim_wrapper__parameterized1
INFO: [VRFC 10-311] analyzing module bram_171_da_blk_mem_gen_prim_wrapper__parameterized10
INFO: [VRFC 10-311] analyzing module bram_171_da_blk_mem_gen_prim_wrapper__parameterized11
INFO: [VRFC 10-311] analyzing module bram_171_da_blk_mem_gen_prim_wrapper__parameterized12
INFO: [VRFC 10-311] analyzing module bram_171_da_blk_mem_gen_prim_wrapper__parameterized13
INFO: [VRFC 10-311] analyzing module bram_171_da_blk_mem_gen_prim_wrapper__parameterized14
INFO: [VRFC 10-311] analyzing module bram_171_da_blk_mem_gen_prim_wrapper__parameterized15
INFO: [VRFC 10-311] analyzing module bram_171_da_blk_mem_gen_prim_wrapper__parameterized16
INFO: [VRFC 10-311] analyzing module bram_171_da_blk_mem_gen_prim_wrapper__parameterized17
INFO: [VRFC 10-311] analyzing module bram_171_da_blk_mem_gen_prim_wrapper__parameterized18
INFO: [VRFC 10-311] analyzing module bram_171_da_blk_mem_gen_prim_wrapper__parameterized19
INFO: [VRFC 10-311] analyzing module bram_171_da_blk_mem_gen_prim_wrapper__parameterized2
INFO: [VRFC 10-311] analyzing module bram_171_da_blk_mem_gen_prim_wrapper__parameterized20
INFO: [VRFC 10-311] analyzing module bram_171_da_blk_mem_gen_prim_wrapper__parameterized21
INFO: [VRFC 10-311] analyzing module bram_171_da_blk_mem_gen_prim_wrapper__parameterized22
INFO: [VRFC 10-311] analyzing module bram_171_da_blk_mem_gen_prim_wrapper__parameterized23
INFO: [VRFC 10-311] analyzing module bram_171_da_blk_mem_gen_prim_wrapper__parameterized24
INFO: [VRFC 10-311] analyzing module bram_171_da_blk_mem_gen_prim_wrapper__parameterized25
INFO: [VRFC 10-311] analyzing module bram_171_da_blk_mem_gen_prim_wrapper__parameterized26
INFO: [VRFC 10-311] analyzing module bram_171_da_blk_mem_gen_prim_wrapper__parameterized27
INFO: [VRFC 10-311] analyzing module bram_171_da_blk_mem_gen_prim_wrapper__parameterized28
INFO: [VRFC 10-311] analyzing module bram_171_da_blk_mem_gen_prim_wrapper__parameterized29
INFO: [VRFC 10-311] analyzing module bram_171_da_blk_mem_gen_prim_wrapper__parameterized3
INFO: [VRFC 10-311] analyzing module bram_171_da_blk_mem_gen_prim_wrapper__parameterized30
INFO: [VRFC 10-311] analyzing module bram_171_da_blk_mem_gen_prim_wrapper__parameterized31
INFO: [VRFC 10-311] analyzing module bram_171_da_blk_mem_gen_prim_wrapper__parameterized32
INFO: [VRFC 10-311] analyzing module bram_171_da_blk_mem_gen_prim_wrapper__parameterized33
INFO: [VRFC 10-311] analyzing module bram_171_da_blk_mem_gen_prim_wrapper__parameterized34
INFO: [VRFC 10-311] analyzing module bram_171_da_blk_mem_gen_prim_wrapper__parameterized35
INFO: [VRFC 10-311] analyzing module bram_171_da_blk_mem_gen_prim_wrapper__parameterized36
INFO: [VRFC 10-311] analyzing module bram_171_da_blk_mem_gen_prim_wrapper__parameterized4
INFO: [VRFC 10-311] analyzing module bram_171_da_blk_mem_gen_prim_wrapper__parameterized5
INFO: [VRFC 10-311] analyzing module bram_171_da_blk_mem_gen_prim_wrapper__parameterized6
INFO: [VRFC 10-311] analyzing module bram_171_da_blk_mem_gen_prim_wrapper__parameterized7
INFO: [VRFC 10-311] analyzing module bram_171_da_blk_mem_gen_prim_wrapper__parameterized8
INFO: [VRFC 10-311] analyzing module bram_171_da_blk_mem_gen_prim_wrapper__parameterized9
INFO: [VRFC 10-311] analyzing module bram_171_da_blk_mem_gen_top
INFO: [VRFC 10-311] analyzing module bram_171_da_blk_mem_gen_v8_4_4
INFO: [VRFC 10-311] analyzing module bram_171_da_blk_mem_gen_v8_4_4_synth
INFO: [VRFC 10-311] analyzing module bram_171_sa_blk_mem_gen_generic_cstr
INFO: [VRFC 10-311] analyzing module bram_171_sa_blk_mem_gen_prim_width
INFO: [VRFC 10-311] analyzing module bram_171_sa_blk_mem_gen_prim_width__parameterized0
INFO: [VRFC 10-311] analyzing module bram_171_sa_blk_mem_gen_prim_width__parameterized1
INFO: [VRFC 10-311] analyzing module bram_171_sa_blk_mem_gen_prim_width__parameterized10
INFO: [VRFC 10-311] analyzing module bram_171_sa_blk_mem_gen_prim_width__parameterized11
INFO: [VRFC 10-311] analyzing module bram_171_sa_blk_mem_gen_prim_width__parameterized12
INFO: [VRFC 10-311] analyzing module bram_171_sa_blk_mem_gen_prim_width__parameterized13
INFO: [VRFC 10-311] analyzing module bram_171_sa_blk_mem_gen_prim_width__parameterized14
INFO: [VRFC 10-311] analyzing module bram_171_sa_blk_mem_gen_prim_width__parameterized15
INFO: [VRFC 10-311] analyzing module bram_171_sa_blk_mem_gen_prim_width__parameterized16
INFO: [VRFC 10-311] analyzing module bram_171_sa_blk_mem_gen_prim_width__parameterized17
INFO: [VRFC 10-311] analyzing module bram_171_sa_blk_mem_gen_prim_width__parameterized18
INFO: [VRFC 10-311] analyzing module bram_171_sa_blk_mem_gen_prim_width__parameterized19
INFO: [VRFC 10-311] analyzing module bram_171_sa_blk_mem_gen_prim_width__parameterized2
INFO: [VRFC 10-311] analyzing module bram_171_sa_blk_mem_gen_prim_width__parameterized20
INFO: [VRFC 10-311] analyzing module bram_171_sa_blk_mem_gen_prim_width__parameterized21
INFO: [VRFC 10-311] analyzing module bram_171_sa_blk_mem_gen_prim_width__parameterized22
INFO: [VRFC 10-311] analyzing module bram_171_sa_blk_mem_gen_prim_width__parameterized23
INFO: [VRFC 10-311] analyzing module bram_171_sa_blk_mem_gen_prim_width__parameterized24
INFO: [VRFC 10-311] analyzing module bram_171_sa_blk_mem_gen_prim_width__parameterized25
INFO: [VRFC 10-311] analyzing module bram_171_sa_blk_mem_gen_prim_width__parameterized26
INFO: [VRFC 10-311] analyzing module bram_171_sa_blk_mem_gen_prim_width__parameterized27
INFO: [VRFC 10-311] analyzing module bram_171_sa_blk_mem_gen_prim_width__parameterized28
INFO: [VRFC 10-311] analyzing module bram_171_sa_blk_mem_gen_prim_width__parameterized29
INFO: [VRFC 10-311] analyzing module bram_171_sa_blk_mem_gen_prim_width__parameterized3
INFO: [VRFC 10-311] analyzing module bram_171_sa_blk_mem_gen_prim_width__parameterized30
INFO: [VRFC 10-311] analyzing module bram_171_sa_blk_mem_gen_prim_width__parameterized31
INFO: [VRFC 10-311] analyzing module bram_171_sa_blk_mem_gen_prim_width__parameterized32
INFO: [VRFC 10-311] analyzing module bram_171_sa_blk_mem_gen_prim_width__parameterized33
INFO: [VRFC 10-311] analyzing module bram_171_sa_blk_mem_gen_prim_width__parameterized34
INFO: [VRFC 10-311] analyzing module bram_171_sa_blk_mem_gen_prim_width__parameterized35
INFO: [VRFC 10-311] analyzing module bram_171_sa_blk_mem_gen_prim_width__parameterized36
INFO: [VRFC 10-311] analyzing module bram_171_sa_blk_mem_gen_prim_width__parameterized4
INFO: [VRFC 10-311] analyzing module bram_171_sa_blk_mem_gen_prim_width__parameterized5
INFO: [VRFC 10-311] analyzing module bram_171_sa_blk_mem_gen_prim_width__parameterized6
INFO: [VRFC 10-311] analyzing module bram_171_sa_blk_mem_gen_prim_width__parameterized7
INFO: [VRFC 10-311] analyzing module bram_171_sa_blk_mem_gen_prim_width__parameterized8
INFO: [VRFC 10-311] analyzing module bram_171_sa_blk_mem_gen_prim_width__parameterized9
INFO: [VRFC 10-311] analyzing module bram_171_sa_blk_mem_gen_prim_wrapper_init
INFO: [VRFC 10-311] analyzing module bram_171_sa_blk_mem_gen_prim_wrapper_init__parameterized0
INFO: [VRFC 10-311] analyzing module bram_171_sa_blk_mem_gen_prim_wrapper_init__parameterized1
INFO: [VRFC 10-311] analyzing module bram_171_sa_blk_mem_gen_prim_wrapper_init__parameterized10
INFO: [VRFC 10-311] analyzing module bram_171_sa_blk_mem_gen_prim_wrapper_init__parameterized11
INFO: [VRFC 10-311] analyzing module bram_171_sa_blk_mem_gen_prim_wrapper_init__parameterized12
INFO: [VRFC 10-311] analyzing module bram_171_sa_blk_mem_gen_prim_wrapper_init__parameterized13
INFO: [VRFC 10-311] analyzing module bram_171_sa_blk_mem_gen_prim_wrapper_init__parameterized14
INFO: [VRFC 10-311] analyzing module bram_171_sa_blk_mem_gen_prim_wrapper_init__parameterized15
INFO: [VRFC 10-311] analyzing module bram_171_sa_blk_mem_gen_prim_wrapper_init__parameterized16
INFO: [VRFC 10-311] analyzing module bram_171_sa_blk_mem_gen_prim_wrapper_init__parameterized17
INFO: [VRFC 10-311] analyzing module bram_171_sa_blk_mem_gen_prim_wrapper_init__parameterized18
INFO: [VRFC 10-311] analyzing module bram_171_sa_blk_mem_gen_prim_wrapper_init__parameterized19
INFO: [VRFC 10-311] analyzing module bram_171_sa_blk_mem_gen_prim_wrapper_init__parameterized2
INFO: [VRFC 10-311] analyzing module bram_171_sa_blk_mem_gen_prim_wrapper_init__parameterized20
INFO: [VRFC 10-311] analyzing module bram_171_sa_blk_mem_gen_prim_wrapper_init__parameterized21
INFO: [VRFC 10-311] analyzing module bram_171_sa_blk_mem_gen_prim_wrapper_init__parameterized22
INFO: [VRFC 10-311] analyzing module bram_171_sa_blk_mem_gen_prim_wrapper_init__parameterized23
INFO: [VRFC 10-311] analyzing module bram_171_sa_blk_mem_gen_prim_wrapper_init__parameterized24
INFO: [VRFC 10-311] analyzing module bram_171_sa_blk_mem_gen_prim_wrapper_init__parameterized25
INFO: [VRFC 10-311] analyzing module bram_171_sa_blk_mem_gen_prim_wrapper_init__parameterized26
INFO: [VRFC 10-311] analyzing module bram_171_sa_blk_mem_gen_prim_wrapper_init__parameterized27
INFO: [VRFC 10-311] analyzing module bram_171_sa_blk_mem_gen_prim_wrapper_init__parameterized28
INFO: [VRFC 10-311] analyzing module bram_171_sa_blk_mem_gen_prim_wrapper_init__parameterized29
INFO: [VRFC 10-311] analyzing module bram_171_sa_blk_mem_gen_prim_wrapper_init__parameterized3
INFO: [VRFC 10-311] analyzing module bram_171_sa_blk_mem_gen_prim_wrapper_init__parameterized30
INFO: [VRFC 10-311] analyzing module bram_171_sa_blk_mem_gen_prim_wrapper_init__parameterized31
INFO: [VRFC 10-311] analyzing module bram_171_sa_blk_mem_gen_prim_wrapper_init__parameterized32
INFO: [VRFC 10-311] analyzing module bram_171_sa_blk_mem_gen_prim_wrapper_init__parameterized33
INFO: [VRFC 10-311] analyzing module bram_171_sa_blk_mem_gen_prim_wrapper_init__parameterized34
INFO: [VRFC 10-311] analyzing module bram_171_sa_blk_mem_gen_prim_wrapper_init__parameterized35
INFO: [VRFC 10-311] analyzing module bram_171_sa_blk_mem_gen_prim_wrapper_init__parameterized36
INFO: [VRFC 10-311] analyzing module bram_171_sa_blk_mem_gen_prim_wrapper_init__parameterized4
INFO: [VRFC 10-311] analyzing module bram_171_sa_blk_mem_gen_prim_wrapper_init__parameterized5
INFO: [VRFC 10-311] analyzing module bram_171_sa_blk_mem_gen_prim_wrapper_init__parameterized6
INFO: [VRFC 10-311] analyzing module bram_171_sa_blk_mem_gen_prim_wrapper_init__parameterized7
INFO: [VRFC 10-311] analyzing module bram_171_sa_blk_mem_gen_prim_wrapper_init__parameterized8
INFO: [VRFC 10-311] analyzing module bram_171_sa_blk_mem_gen_prim_wrapper_init__parameterized9
INFO: [VRFC 10-311] analyzing module bram_171_sa_blk_mem_gen_top
INFO: [VRFC 10-311] analyzing module bram_171_sa_blk_mem_gen_v8_4_4
INFO: [VRFC 10-311] analyzing module bram_171_sa_blk_mem_gen_v8_4_4_synth
INFO: [VRFC 10-311] analyzing module bram_171_sada_blk_mem_gen_generic_cstr
INFO: [VRFC 10-311] analyzing module bram_171_sada_blk_mem_gen_prim_width
INFO: [VRFC 10-311] analyzing module bram_171_sada_blk_mem_gen_prim_width__parameterized0
INFO: [VRFC 10-311] analyzing module bram_171_sada_blk_mem_gen_prim_width__parameterized1
INFO: [VRFC 10-311] analyzing module bram_171_sada_blk_mem_gen_prim_width__parameterized10
INFO: [VRFC 10-311] analyzing module bram_171_sada_blk_mem_gen_prim_width__parameterized11
INFO: [VRFC 10-311] analyzing module bram_171_sada_blk_mem_gen_prim_width__parameterized12
INFO: [VRFC 10-311] analyzing module bram_171_sada_blk_mem_gen_prim_width__parameterized13
INFO: [VRFC 10-311] analyzing module bram_171_sada_blk_mem_gen_prim_width__parameterized14
INFO: [VRFC 10-311] analyzing module bram_171_sada_blk_mem_gen_prim_width__parameterized15
INFO: [VRFC 10-311] analyzing module bram_171_sada_blk_mem_gen_prim_width__parameterized16
INFO: [VRFC 10-311] analyzing module bram_171_sada_blk_mem_gen_prim_width__parameterized17
INFO: [VRFC 10-311] analyzing module bram_171_sada_blk_mem_gen_prim_width__parameterized18
INFO: [VRFC 10-311] analyzing module bram_171_sada_blk_mem_gen_prim_width__parameterized19
INFO: [VRFC 10-311] analyzing module bram_171_sada_blk_mem_gen_prim_width__parameterized2
INFO: [VRFC 10-311] analyzing module bram_171_sada_blk_mem_gen_prim_width__parameterized20
INFO: [VRFC 10-311] analyzing module bram_171_sada_blk_mem_gen_prim_width__parameterized21
INFO: [VRFC 10-311] analyzing module bram_171_sada_blk_mem_gen_prim_width__parameterized22
INFO: [VRFC 10-311] analyzing module bram_171_sada_blk_mem_gen_prim_width__parameterized23
INFO: [VRFC 10-311] analyzing module bram_171_sada_blk_mem_gen_prim_width__parameterized24
INFO: [VRFC 10-311] analyzing module bram_171_sada_blk_mem_gen_prim_width__parameterized25
INFO: [VRFC 10-311] analyzing module bram_171_sada_blk_mem_gen_prim_width__parameterized26
INFO: [VRFC 10-311] analyzing module bram_171_sada_blk_mem_gen_prim_width__parameterized27
INFO: [VRFC 10-311] analyzing module bram_171_sada_blk_mem_gen_prim_width__parameterized28
INFO: [VRFC 10-311] analyzing module bram_171_sada_blk_mem_gen_prim_width__parameterized29
INFO: [VRFC 10-311] analyzing module bram_171_sada_blk_mem_gen_prim_width__parameterized3
INFO: [VRFC 10-311] analyzing module bram_171_sada_blk_mem_gen_prim_width__parameterized30
INFO: [VRFC 10-311] analyzing module bram_171_sada_blk_mem_gen_prim_width__parameterized31
INFO: [VRFC 10-311] analyzing module bram_171_sada_blk_mem_gen_prim_width__parameterized32
INFO: [VRFC 10-311] analyzing module bram_171_sada_blk_mem_gen_prim_width__parameterized33
INFO: [VRFC 10-311] analyzing module bram_171_sada_blk_mem_gen_prim_width__parameterized34
INFO: [VRFC 10-311] analyzing module bram_171_sada_blk_mem_gen_prim_width__parameterized35
INFO: [VRFC 10-311] analyzing module bram_171_sada_blk_mem_gen_prim_width__parameterized36
INFO: [VRFC 10-311] analyzing module bram_171_sada_blk_mem_gen_prim_width__parameterized4
INFO: [VRFC 10-311] analyzing module bram_171_sada_blk_mem_gen_prim_width__parameterized5
INFO: [VRFC 10-311] analyzing module bram_171_sada_blk_mem_gen_prim_width__parameterized6
INFO: [VRFC 10-311] analyzing module bram_171_sada_blk_mem_gen_prim_width__parameterized7
INFO: [VRFC 10-311] analyzing module bram_171_sada_blk_mem_gen_prim_width__parameterized8
INFO: [VRFC 10-311] analyzing module bram_171_sada_blk_mem_gen_prim_width__parameterized9
INFO: [VRFC 10-311] analyzing module bram_171_sada_blk_mem_gen_prim_wrapper
INFO: [VRFC 10-311] analyzing module bram_171_sada_blk_mem_gen_prim_wrapper__parameterized0
INFO: [VRFC 10-311] analyzing module bram_171_sada_blk_mem_gen_prim_wrapper__parameterized1
INFO: [VRFC 10-311] analyzing module bram_171_sada_blk_mem_gen_prim_wrapper__parameterized10
INFO: [VRFC 10-311] analyzing module bram_171_sada_blk_mem_gen_prim_wrapper__parameterized11
INFO: [VRFC 10-311] analyzing module bram_171_sada_blk_mem_gen_prim_wrapper__parameterized12
INFO: [VRFC 10-311] analyzing module bram_171_sada_blk_mem_gen_prim_wrapper__parameterized13
INFO: [VRFC 10-311] analyzing module bram_171_sada_blk_mem_gen_prim_wrapper__parameterized14
INFO: [VRFC 10-311] analyzing module bram_171_sada_blk_mem_gen_prim_wrapper__parameterized15
INFO: [VRFC 10-311] analyzing module bram_171_sada_blk_mem_gen_prim_wrapper__parameterized16
INFO: [VRFC 10-311] analyzing module bram_171_sada_blk_mem_gen_prim_wrapper__parameterized17
INFO: [VRFC 10-311] analyzing module bram_171_sada_blk_mem_gen_prim_wrapper__parameterized18
INFO: [VRFC 10-311] analyzing module bram_171_sada_blk_mem_gen_prim_wrapper__parameterized19
INFO: [VRFC 10-311] analyzing module bram_171_sada_blk_mem_gen_prim_wrapper__parameterized2
INFO: [VRFC 10-311] analyzing module bram_171_sada_blk_mem_gen_prim_wrapper__parameterized20
INFO: [VRFC 10-311] analyzing module bram_171_sada_blk_mem_gen_prim_wrapper__parameterized21
INFO: [VRFC 10-311] analyzing module bram_171_sada_blk_mem_gen_prim_wrapper__parameterized22
INFO: [VRFC 10-311] analyzing module bram_171_sada_blk_mem_gen_prim_wrapper__parameterized23
INFO: [VRFC 10-311] analyzing module bram_171_sada_blk_mem_gen_prim_wrapper__parameterized24
INFO: [VRFC 10-311] analyzing module bram_171_sada_blk_mem_gen_prim_wrapper__parameterized25
INFO: [VRFC 10-311] analyzing module bram_171_sada_blk_mem_gen_prim_wrapper__parameterized26
INFO: [VRFC 10-311] analyzing module bram_171_sada_blk_mem_gen_prim_wrapper__parameterized27
INFO: [VRFC 10-311] analyzing module bram_171_sada_blk_mem_gen_prim_wrapper__parameterized28
INFO: [VRFC 10-311] analyzing module bram_171_sada_blk_mem_gen_prim_wrapper__parameterized29
INFO: [VRFC 10-311] analyzing module bram_171_sada_blk_mem_gen_prim_wrapper__parameterized3
INFO: [VRFC 10-311] analyzing module bram_171_sada_blk_mem_gen_prim_wrapper__parameterized30
INFO: [VRFC 10-311] analyzing module bram_171_sada_blk_mem_gen_prim_wrapper__parameterized31
INFO: [VRFC 10-311] analyzing module bram_171_sada_blk_mem_gen_prim_wrapper__parameterized32
INFO: [VRFC 10-311] analyzing module bram_171_sada_blk_mem_gen_prim_wrapper__parameterized33
INFO: [VRFC 10-311] analyzing module bram_171_sada_blk_mem_gen_prim_wrapper__parameterized34
INFO: [VRFC 10-311] analyzing module bram_171_sada_blk_mem_gen_prim_wrapper__parameterized35
INFO: [VRFC 10-311] analyzing module bram_171_sada_blk_mem_gen_prim_wrapper__parameterized36
INFO: [VRFC 10-311] analyzing module bram_171_sada_blk_mem_gen_prim_wrapper__parameterized4
INFO: [VRFC 10-311] analyzing module bram_171_sada_blk_mem_gen_prim_wrapper__parameterized5
INFO: [VRFC 10-311] analyzing module bram_171_sada_blk_mem_gen_prim_wrapper__parameterized6
INFO: [VRFC 10-311] analyzing module bram_171_sada_blk_mem_gen_prim_wrapper__parameterized7
INFO: [VRFC 10-311] analyzing module bram_171_sada_blk_mem_gen_prim_wrapper__parameterized8
INFO: [VRFC 10-311] analyzing module bram_171_sada_blk_mem_gen_prim_wrapper__parameterized9
INFO: [VRFC 10-311] analyzing module bram_171_sada_blk_mem_gen_top
INFO: [VRFC 10-311] analyzing module bram_171_sada_blk_mem_gen_v8_4_4
INFO: [VRFC 10-311] analyzing module bram_171_sada_blk_mem_gen_v8_4_4_synth
INFO: [VRFC 10-311] analyzing module bram_40_512_blk_mem_gen_generic_cstr
INFO: [VRFC 10-311] analyzing module bram_40_512_blk_mem_gen_generic_cstr_HD87
INFO: [VRFC 10-311] analyzing module bram_40_512_blk_mem_gen_generic_cstr_HD96
INFO: [VRFC 10-311] analyzing module bram_40_512_blk_mem_gen_prim_width
INFO: [VRFC 10-311] analyzing module bram_40_512_blk_mem_gen_prim_width_HD88
INFO: [VRFC 10-311] analyzing module bram_40_512_blk_mem_gen_prim_width_HD97
INFO: [VRFC 10-311] analyzing module bram_40_512_blk_mem_gen_prim_width__parameterized0
INFO: [VRFC 10-311] analyzing module bram_40_512_blk_mem_gen_prim_width__parameterized0_HD90
INFO: [VRFC 10-311] analyzing module bram_40_512_blk_mem_gen_prim_width__parameterized0_HD99
INFO: [VRFC 10-311] analyzing module bram_40_512_blk_mem_gen_prim_wrapper_init
INFO: [VRFC 10-311] analyzing module bram_40_512_blk_mem_gen_prim_wrapper_init_HD89
INFO: [VRFC 10-311] analyzing module bram_40_512_blk_mem_gen_prim_wrapper_init_HD98
INFO: [VRFC 10-311] analyzing module bram_40_512_blk_mem_gen_prim_wrapper_init__parameterized0
INFO: [VRFC 10-311] analyzing module bram_40_512_blk_mem_gen_prim_wrapper_init__parameterized0_HD100
INFO: [VRFC 10-311] analyzing module bram_40_512_blk_mem_gen_prim_wrapper_init__parameterized0_HD91
INFO: [VRFC 10-311] analyzing module bram_40_512_blk_mem_gen_top
INFO: [VRFC 10-311] analyzing module bram_40_512_blk_mem_gen_top_HD86
INFO: [VRFC 10-311] analyzing module bram_40_512_blk_mem_gen_top_HD95
INFO: [VRFC 10-311] analyzing module bram_40_512_blk_mem_gen_v8_4_4
INFO: [VRFC 10-311] analyzing module bram_40_512_blk_mem_gen_v8_4_4_HD84
INFO: [VRFC 10-311] analyzing module bram_40_512_blk_mem_gen_v8_4_4_HD93
INFO: [VRFC 10-311] analyzing module bram_40_512_blk_mem_gen_v8_4_4_synth
INFO: [VRFC 10-311] analyzing module bram_40_512_blk_mem_gen_v8_4_4_synth_HD85
INFO: [VRFC 10-311] analyzing module bram_40_512_blk_mem_gen_v8_4_4_synth_HD94
INFO: [VRFC 10-311] analyzing module bram_40_64_blk_mem_gen_generic_cstr
INFO: [VRFC 10-311] analyzing module bram_40_64_blk_mem_gen_generic_cstr_HD13
INFO: [VRFC 10-311] analyzing module bram_40_64_blk_mem_gen_generic_cstr_HD22
INFO: [VRFC 10-311] analyzing module bram_40_64_blk_mem_gen_generic_cstr_HD31
INFO: [VRFC 10-311] analyzing module bram_40_64_blk_mem_gen_generic_cstr_HD40
INFO: [VRFC 10-311] analyzing module bram_40_64_blk_mem_gen_generic_cstr_HD49
INFO: [VRFC 10-311] analyzing module bram_40_64_blk_mem_gen_generic_cstr_HD58
INFO: [VRFC 10-311] analyzing module bram_40_64_blk_mem_gen_generic_cstr_HD67
INFO: [VRFC 10-311] analyzing module bram_40_64_blk_mem_gen_generic_cstr_HD76
INFO: [VRFC 10-311] analyzing module bram_40_64_blk_mem_gen_prim_width
INFO: [VRFC 10-311] analyzing module bram_40_64_blk_mem_gen_prim_width_HD14
INFO: [VRFC 10-311] analyzing module bram_40_64_blk_mem_gen_prim_width_HD23
INFO: [VRFC 10-311] analyzing module bram_40_64_blk_mem_gen_prim_width_HD32
INFO: [VRFC 10-311] analyzing module bram_40_64_blk_mem_gen_prim_width_HD41
INFO: [VRFC 10-311] analyzing module bram_40_64_blk_mem_gen_prim_width_HD50
INFO: [VRFC 10-311] analyzing module bram_40_64_blk_mem_gen_prim_width_HD59
INFO: [VRFC 10-311] analyzing module bram_40_64_blk_mem_gen_prim_width_HD68
INFO: [VRFC 10-311] analyzing module bram_40_64_blk_mem_gen_prim_width_HD77
INFO: [VRFC 10-311] analyzing module bram_40_64_blk_mem_gen_prim_width__parameterized0
INFO: [VRFC 10-311] analyzing module bram_40_64_blk_mem_gen_prim_width__parameterized0_HD16
INFO: [VRFC 10-311] analyzing module bram_40_64_blk_mem_gen_prim_width__parameterized0_HD25
INFO: [VRFC 10-311] analyzing module bram_40_64_blk_mem_gen_prim_width__parameterized0_HD34
INFO: [VRFC 10-311] analyzing module bram_40_64_blk_mem_gen_prim_width__parameterized0_HD43
INFO: [VRFC 10-311] analyzing module bram_40_64_blk_mem_gen_prim_width__parameterized0_HD52
INFO: [VRFC 10-311] analyzing module bram_40_64_blk_mem_gen_prim_width__parameterized0_HD61
INFO: [VRFC 10-311] analyzing module bram_40_64_blk_mem_gen_prim_width__parameterized0_HD70
INFO: [VRFC 10-311] analyzing module bram_40_64_blk_mem_gen_prim_width__parameterized0_HD79
INFO: [VRFC 10-311] analyzing module bram_40_64_blk_mem_gen_prim_wrapper_init
INFO: [VRFC 10-311] analyzing module bram_40_64_blk_mem_gen_prim_wrapper_init_HD15
INFO: [VRFC 10-311] analyzing module bram_40_64_blk_mem_gen_prim_wrapper_init_HD24
INFO: [VRFC 10-311] analyzing module bram_40_64_blk_mem_gen_prim_wrapper_init_HD33
INFO: [VRFC 10-311] analyzing module bram_40_64_blk_mem_gen_prim_wrapper_init_HD42
INFO: [VRFC 10-311] analyzing module bram_40_64_blk_mem_gen_prim_wrapper_init_HD51
INFO: [VRFC 10-311] analyzing module bram_40_64_blk_mem_gen_prim_wrapper_init_HD60
INFO: [VRFC 10-311] analyzing module bram_40_64_blk_mem_gen_prim_wrapper_init_HD69
INFO: [VRFC 10-311] analyzing module bram_40_64_blk_mem_gen_prim_wrapper_init_HD78
INFO: [VRFC 10-311] analyzing module bram_40_64_blk_mem_gen_prim_wrapper_init__parameterized0
INFO: [VRFC 10-311] analyzing module bram_40_64_blk_mem_gen_prim_wrapper_init__parameterized0_HD17
INFO: [VRFC 10-311] analyzing module bram_40_64_blk_mem_gen_prim_wrapper_init__parameterized0_HD26
INFO: [VRFC 10-311] analyzing module bram_40_64_blk_mem_gen_prim_wrapper_init__parameterized0_HD35
INFO: [VRFC 10-311] analyzing module bram_40_64_blk_mem_gen_prim_wrapper_init__parameterized0_HD44
INFO: [VRFC 10-311] analyzing module bram_40_64_blk_mem_gen_prim_wrapper_init__parameterized0_HD53
INFO: [VRFC 10-311] analyzing module bram_40_64_blk_mem_gen_prim_wrapper_init__parameterized0_HD62
INFO: [VRFC 10-311] analyzing module bram_40_64_blk_mem_gen_prim_wrapper_init__parameterized0_HD71
INFO: [VRFC 10-311] analyzing module bram_40_64_blk_mem_gen_prim_wrapper_init__parameterized0_HD80
INFO: [VRFC 10-311] analyzing module bram_40_64_blk_mem_gen_top
INFO: [VRFC 10-311] analyzing module bram_40_64_blk_mem_gen_top_HD12
INFO: [VRFC 10-311] analyzing module bram_40_64_blk_mem_gen_top_HD21
INFO: [VRFC 10-311] analyzing module bram_40_64_blk_mem_gen_top_HD30
INFO: [VRFC 10-311] analyzing module bram_40_64_blk_mem_gen_top_HD39
INFO: [VRFC 10-311] analyzing module bram_40_64_blk_mem_gen_top_HD48
INFO: [VRFC 10-311] analyzing module bram_40_64_blk_mem_gen_top_HD57
INFO: [VRFC 10-311] analyzing module bram_40_64_blk_mem_gen_top_HD66
INFO: [VRFC 10-311] analyzing module bram_40_64_blk_mem_gen_top_HD75
INFO: [VRFC 10-311] analyzing module bram_40_64_blk_mem_gen_v8_4_4
INFO: [VRFC 10-311] analyzing module bram_40_64_blk_mem_gen_v8_4_4_HD10
INFO: [VRFC 10-311] analyzing module bram_40_64_blk_mem_gen_v8_4_4_HD19
INFO: [VRFC 10-311] analyzing module bram_40_64_blk_mem_gen_v8_4_4_HD28
INFO: [VRFC 10-311] analyzing module bram_40_64_blk_mem_gen_v8_4_4_HD37
INFO: [VRFC 10-311] analyzing module bram_40_64_blk_mem_gen_v8_4_4_HD46
INFO: [VRFC 10-311] analyzing module bram_40_64_blk_mem_gen_v8_4_4_HD55
INFO: [VRFC 10-311] analyzing module bram_40_64_blk_mem_gen_v8_4_4_HD64
INFO: [VRFC 10-311] analyzing module bram_40_64_blk_mem_gen_v8_4_4_HD73
INFO: [VRFC 10-311] analyzing module bram_40_64_blk_mem_gen_v8_4_4_synth
INFO: [VRFC 10-311] analyzing module bram_40_64_blk_mem_gen_v8_4_4_synth_HD11
INFO: [VRFC 10-311] analyzing module bram_40_64_blk_mem_gen_v8_4_4_synth_HD20
INFO: [VRFC 10-311] analyzing module bram_40_64_blk_mem_gen_v8_4_4_synth_HD29
INFO: [VRFC 10-311] analyzing module bram_40_64_blk_mem_gen_v8_4_4_synth_HD38
INFO: [VRFC 10-311] analyzing module bram_40_64_blk_mem_gen_v8_4_4_synth_HD47
INFO: [VRFC 10-311] analyzing module bram_40_64_blk_mem_gen_v8_4_4_synth_HD56
INFO: [VRFC 10-311] analyzing module bram_40_64_blk_mem_gen_v8_4_4_synth_HD65
INFO: [VRFC 10-311] analyzing module bram_40_64_blk_mem_gen_v8_4_4_synth_HD74
INFO: [VRFC 10-311] analyzing module glbl
INFO: [VRFC 10-2263] Analyzing Verilog file "E:/Xilinx/project/DecisionTree_IPC_10k/DecisionTree_IPC_10k.srcs/sim_1/new/testbench_sa.v" into library xil_defaultlib
INFO: [VRFC 10-311] analyzing module testbench_sa
